<?xml version="1.0" encoding="UTF-8"?>
<!-- Generated by org.testng.reporters.JUnitReportReporter -->
<testsuite hostname="DESKTOP-5LH8LL2" failures="0" tests="1" name="tests.LoginTest" time="6.314" errors="0" timestamp="2022-04-08T11:12:13 GMT-07:00" skipped="0">
  <testcase classname="tests.LoginTest" name="login" time="6.314"/>
  <system-out/>
</testsuite> <!-- tests.LoginTest -->
