<?xml version="1.0" encoding="UTF-8"?>
<!-- Generated by org.testng.reporters.JUnitReportReporter -->
<testsuite hostname="DESKTOP-5LH8LL2" failures="0" tests="1" name="tests.Hometest" time="6.747" errors="0" timestamp="2022-04-08T20:22:51 GMT-07:00" skipped="0">
  <testcase classname="tests.Hometest" name="m2" time="6.747"/>
  <system-out/>
</testsuite> <!-- tests.Hometest -->
