<?xml version="1.0" encoding="UTF-8"?>
<!-- Generated by org.testng.reporters.JUnitReportReporter -->
<testsuite hostname="DESKTOP-5LH8LL2" failures="0" tests="1" name="tests.LoginTest" time="9.865" errors="0" timestamp="2022-04-08T16:06:55 GMT-07:00" skipped="0">
  <testcase classname="tests.LoginTest" name="m1" time="9.865"/>
  <system-out/>
</testsuite> <!-- tests.LoginTest -->
